
Showing logs for build [32mjstrachan-nodey431-master-zmpn9-10[0m stage [32mfrom-build-pack[0m and container [32mstep-credential-initializer-h7t7n[0m
{"level":"warn","ts":1584090716.2038753,"logger":"fallback-logger","caller":"logging/config.go:69","msg":"Fetch GitHub commit ID from kodata failed: \"ref: refs/heads/0.8.0-**-support-backwards-incompats\" is not a valid GitHub commit ID"}
{"level":"info","ts":1584090716.2045202,"logger":"fallback-logger","caller":"creds-init/main.go:40","msg":"Credentials initialized."}

Showing logs for build [32mjstrachan-nodey431-master-zmpn9-10[0m stage [32mfrom-build-pack[0m and container [32mstep-working-dir-initializer-x9hdf[0m
{"level":"warn","ts":1584090717.16959,"logger":"fallback-logger","caller":"logging/config.go:69","msg":"Fetch GitHub commit ID from kodata failed: open /var/run/ko/HEAD: no such file or directory"}
{"level":"info","ts":1584090717.1709313,"logger":"fallback-logger","caller":"bash/main.go:64","msg":"Successfully executed command \"sh -c mkdir -p /workspace/source\"; output "}

Showing logs for build [32mjstrachan-nodey431-master-zmpn9-10[0m stage [32mfrom-build-pack[0m and container [32mstep-place-tools[0m

Showing logs for build [32mjstrachan-nodey431-master-zmpn9-10[0m stage [32mfrom-build-pack[0m and container [32mstep-git-source-jstrachan-nodey431-master-zmpn9-4hlgk[0m
{"level":"warn","ts":1584090724.2405367,"logger":"fallback-logger","caller":"logging/config.go:69","msg":"Fetch GitHub commit ID from kodata failed: \"ref: refs/heads/0.8.0-**-support-backwards-incompats\" is not a valid GitHub commit ID"}
{"level":"info","ts":1584090725.3149931,"logger":"fallback-logger","caller":"git/git.go:103","msg":"Successfully cloned https://github.com/*********/nodey431.git @ v0.0.10 in path /workspace/source"}

Showing logs for build [32mjstrachan-nodey431-master-zmpn9-10[0m stage [32mfrom-build-pack[0m and container [32mstep-git-merge[0m
Using SHAs from PULL_REFS=master:a91b281676942c8e81277a740563e573388f145b
WARNING: no SHAs to merge, falling back to initial cloned commit

Showing logs for build [32mjstrachan-nodey431-master-zmpn9-10[0m stage [32mfrom-build-pack[0m and container [32mstep-setup-jx-git-credentials[0m
Generated Git credentials file /workspace/xdg_config/git/credentials

Showing logs for build [32mjstrachan-nodey431-master-zmpn9-10[0m stage [32mfrom-build-pack[0m and container [32mstep-build-npmrc[0m
Command "credential" is deprecated, it will be removed on Jun 1 2020.  This is replaced by Tekton's mounted secrets
WARNING: failed to find Secret npm-token in namespace **

Showing logs for build [32mjstrachan-nodey431-master-zmpn9-10[0m stage [32mfrom-build-pack[0m and container [32mstep-build-npm-install[0m
npm notice created a lockfile as package-lock.json. You should commit this file.
npm WARN REPLACE_ME@1.0.0 No repository field.
npm WARN REPLACE_ME@1.0.0 No license field.

up to date in 0.895s
found 0 vulnerabilities


Showing logs for build [32mjstrachan-nodey431-master-zmpn9-10[0m stage [32mfrom-build-pack[0m and container [32mstep-build-npm-test[0m

> REPLACE_ME@1.0.0 test /workspace/source
> echo "no test specified" && exit 0

no test specified

Showing logs for build [32mjstrachan-nodey431-master-zmpn9-10[0m stage [32mfrom-build-pack[0m and container [32mstep-build-container-build[0m
ERROR: logging before flag.Parse: E0313 09:12:12.156999      12 metadata.go:241] Failed to unmarshal scopes: invalid character 'h' looking for beginning of value
[36mINFO[0m[0001] Downloading base image node:9-slim           
ERROR: logging before flag.Parse: E0313 09:12:12.257167      12 metadata.go:142] while reading 'google-dockercfg' metadata: http status code: 404 while fetching url http://metadata.google.internal./computeMetadata/v1/instance/attributes/google-dockercfg
ERROR: logging before flag.Parse: E0313 09:12:12.259691      12 metadata.go:159] while reading 'google-dockercfg-url' metadata: http status code: 404 while fetching url http://metadata.google.internal./computeMetadata/v1/instance/attributes/google-dockercfg-url
2020/03/13 09:12:12 No matching credentials were found, falling back on anonymous
[36mINFO[0m[0002] Error while retrieving image from cache: getting file info: stat /workspace/sha256:0e0175bbe4f8d9d104590d8d2c591017874e30977cb71aaff1cf6fa99479575c: no such file or directory 
[36mINFO[0m[0002] Downloading base image node:9-slim           
2020/03/13 09:12:13 No matching credentials were found, falling back on anonymous
[36mINFO[0m[0003] Executing 0 build triggers                   
[36mINFO[0m[0003] cmd: EXPOSE                                  
[36mINFO[0m[0003] Adding exposed port: 8080/tcp                
[36mINFO[0m[0003] Using files from context: [/workspace/source] 
[36mINFO[0m[0003] Skipping unpacking as no commands require it. 
[36mINFO[0m[0003] Taking snapshot of full filesystem...        
[36mINFO[0m[0003] ENV PORT 8080                                
[36mINFO[0m[0003] No files changed in this command, skipping snapshotting. 
[36mINFO[0m[0003] EXPOSE 8080                                  
[36mINFO[0m[0003] cmd: EXPOSE                                  
[36mINFO[0m[0003] Adding exposed port: 8080/tcp                
[36mINFO[0m[0003] No files changed in this command, skipping snapshotting. 
[36mINFO[0m[0003] WORKDIR /usr/src/app                         
[36mINFO[0m[0003] cmd: workdir                                 
[36mINFO[0m[0003] Changed working directory to /usr/src/app    
[36mINFO[0m[0003] Creating directory /usr/src/app              
[36mINFO[0m[0003] Taking snapshot of files...                  
[36mINFO[0m[0003] Using files from context: [/workspace/source] 
[36mINFO[0m[0003] COPY . .                                     
[36mINFO[0m[0003] Taking snapshot of files...                  
[36mINFO[0m[0003] CMD ["npm", "start"]                         
[36mINFO[0m[0003] No files changed in this command, skipping snapshotting. 
2020/03/13 09:12:15 existing blob: sha256:7d083412657baa2dafba8d093034ef26f9ed2c90fb6ed95f76bb55aff03ed429
2020/03/13 09:12:15 existing blob: sha256:196b8e3c919d5639193ba6c6e54774528942041bbc37606631a2250502985c3c
2020/03/13 09:12:15 existing blob: sha256:5bba3ecb4cd6374a19da45f2a3db0a9c0804984358b3bb4b666c28944016e5ff
2020/03/13 09:12:15 existing blob: sha256:e01bd28a434b56ffd2a3fe9aa99b9b69aecca69904843edd30b1ee7150d79904
2020/03/13 09:12:15 existing blob: sha256:a88538b9cd05cfa611e43a25582a95ad7879f6fa708b0386a26b71ee62235bb3
2020/03/13 09:12:17 pushed blob: sha256:3fb7cd57ced0188ddc65e9e9198defc447b8fb5cb428f84adf1f64a460c55f05
2020/03/13 09:12:18 pushed blob: sha256:9f7e5e9ebe68b25b365b9656572cd3366148910e5e67c6fe8e943220fea1d75f
2020/03/13 09:12:18 pushed blob: sha256:75642eb4f9cd3848f9a37c87e1123ec0f73c6be233b988f6e6d329bb33b25cb0
2020/03/13 09:12:19 gcr.io/*********-multicluster/nodey431:0.0.10: digest: sha256:3f52a26fb3067d013b9a30b43a9dd2122b0dad466dff440740f61c01d74d5144 size: 1404

Showing logs for build [32mjstrachan-nodey431-master-zmpn9-10[0m stage [32mfrom-build-pack[0m and container [32mstep-build-post-build[0m
no CVE provider running in the current ** namespace so skip adding image to be analysed

Showing logs for build [32mjstrachan-nodey431-master-zmpn9-10[0m stage [32mfrom-build-pack[0m and container [32mstep-promote-changelog[0m
Converted /workspace/source/charts/nodey431 to an unshallow repository
Generating change log from git ref 97dc9853a31d05670a88b3b033bf557dc0801aa7 => fa32c569cf666aca2500e8e0bf378afe538c8e69
Associating user x-0 in users.jenkins.io with email james.strachan@gmail.com to git GitProvider user with login -0 as emails match
Adding label jenkins.io/git-github-userid=-0 to user x-0 in users.jenkins.io
WARNING: Failed to enrich commit a91b281676942c8e81277a740563e573388f145b with issues: User.jenkins.io "x-0" is invalid: metadata.labels: Invalid value: "-0": a valid label must be an empty string or consist of alphanumeric characters, '-', '_' or '.', and must start and end with an alphanumeric character (e.g. 'MyValue',  or 'my_value',  or '12345', regex used for validation is '(([A-Za-z0-9][-A-Za-z0-9_.]*)?[A-Za-z0-9])?')
Associating user x-0 in users.jenkins.io with email james.strachan@gmail.com to git GitProvider user with login -0 as emails match
Adding label jenkins.io/git-github-userid=-0 to user x-0 in users.jenkins.io
WARNING: Failed to enrich commit a91b281676942c8e81277a740563e573388f145b with issues: User.jenkins.io "x-0" is invalid: metadata.labels: Invalid value: "-0": a valid label must be an empty string or consist of alphanumeric characters, '-', '_' or '.', and must start and end with an alphanumeric character (e.g. 'MyValue',  or 'my_value',  or '12345', regex used for validation is '(([A-Za-z0-9][-A-Za-z0-9_.]*)?[A-Za-z0-9])?')
Finding issues in commit messages using git format
WARNING: No release found for *********/nodey431 and tag v0.0.10 so creating a new release
Updated the release information at https://github.com/*********/nodey431/releases/tag/v0.0.10
generated: /workspace/source/charts/nodey431/templates/release.yaml
Created Release nodey431-0-0-10 resource in namespace **
Updating PipelineActivity *********-nodey431-master-10 with version 0.0.10
Updated PipelineActivities *********-nodey431-master-10 with release notes URL: https://github.com/*********/nodey431/releases/tag/v0.0.10

Showing logs for build [32mjstrachan-nodey431-master-zmpn9-10[0m stage [32mfrom-build-pack[0m and container [32mstep-promote-helm-release[0m
Adding missing Helm repo: storage.googleapis.com https://storage.googleapis.com/chartmuseum.jenkins-x.io
Successfully added Helm repository storage.googleapis.com.
Adding missing Helm repo: bucketrepo http://bucketrepo/bucketrepo/charts/
Successfully added Helm repository bucketrepo.
Uploading chart file nodey431-0.0.10.tgz to http://bucketrepo/bucketrepo/charts/api/charts
Received 200 response: 

Showing logs for build [32mjstrachan-nodey431-master-zmpn9-10[0m stage [32mfrom-build-pack[0m and container [32mstep-promote-jx-promote[0m
WARNING: prow based install so skip waiting for the merge of Pull Requests to go green as currently there is an issue with gettingstatuses from the PR, see https://github.com/jenkins-x/**/issues/2410
WARNING: No $CHART_REPOSITORY defined so using the default value of: http://jenkins-x-chartmuseum:8080
Promoting app nodey431 version 0.0.10 to namespace **-staging
WARNING: 
Created Pull Request: https://github.com/*********/environment-bucketrepo-staging/pull/7
Added label updatebot to Pull Request https://github.com/*********/environment-bucketrepo-staging/pull/7
WARNING: Failed to query the Pull Request last commit status for https://github.com/*********/environment-bucketrepo-staging/pull/7 ref 79213a470cdff6e488d42ec79c3181e8afdd7c6e Could not find a status for repository *********/environment-bucketrepo-staging with ref 79213a470cdff6e488d42ec79c3181e8afdd7c6e
got git provider status pending from PR https://github.com/*********/environment-bucketrepo-staging/pull/7
got git provider status pending from PR https://github.com/*********/environment-bucketrepo-staging/pull/7
Pull Request https://github.com/*********/environment-bucketrepo-staging/pull/7 is merged at sha a37591ce091c0ae622a1733e42279151fb7d8dd7
Pull Request merged but we are not waiting for the update pipeline to complete!
WARNING: Could not find the service URL in namespace **-staging for names nodey431, **-nodey431, **-staging-nodey431
