
Showing logs for build [32mjstrachan-nodey431-master-s4zp5-2[0m stage [32mfrom-build-pack[0m and container [32mstep-credential-initializer-cdqpx[0m
{"level":"warn","ts":1584025027.2572832,"logger":"fallback-logger","caller":"logging/config.go:69","msg":"Fetch GitHub commit ID from kodata failed: \"ref: refs/heads/0.8.0-**-support-backwards-incompats\" is not a valid GitHub commit ID"}
{"level":"info","ts":1584025027.2578757,"logger":"fallback-logger","caller":"creds-init/main.go:40","msg":"Credentials initialized."}

Showing logs for build [32mjstrachan-nodey431-master-s4zp5-2[0m stage [32mfrom-build-pack[0m and container [32mstep-working-dir-initializer-dbzqz[0m
{"level":"warn","ts":1584025027.693047,"logger":"fallback-logger","caller":"logging/config.go:69","msg":"Fetch GitHub commit ID from kodata failed: open /var/run/ko/HEAD: no such file or directory"}
{"level":"info","ts":1584025027.694274,"logger":"fallback-logger","caller":"bash/main.go:64","msg":"Successfully executed command \"sh -c mkdir -p /workspace/source\"; output "}

Showing logs for build [32mjstrachan-nodey431-master-s4zp5-2[0m stage [32mfrom-build-pack[0m and container [32mstep-place-tools[0m

Showing logs for build [32mjstrachan-nodey431-master-s4zp5-2[0m stage [32mfrom-build-pack[0m and container [32mstep-git-source-jstrachan-nodey431-master-s4zp5-bshk2[0m
{"level":"warn","ts":1584025065.8575406,"logger":"fallback-logger","caller":"logging/config.go:69","msg":"Fetch GitHub commit ID from kodata failed: \"ref: refs/heads/0.8.0-**-support-backwards-incompats\" is not a valid GitHub commit ID"}
{"level":"info","ts":1584025066.925994,"logger":"fallback-logger","caller":"git/git.go:103","msg":"Successfully cloned https://github.com/*********/nodey431.git @ v0.0.2 in path /workspace/source"}

Showing logs for build [32mjstrachan-nodey431-master-s4zp5-2[0m stage [32mfrom-build-pack[0m and container [32mstep-git-merge[0m
Using SHAs from PULL_REFS=master:
WARNING: no SHAs to merge, falling back to initial cloned commit

Showing logs for build [32mjstrachan-nodey431-master-s4zp5-2[0m stage [32mfrom-build-pack[0m and container [32mstep-setup-jx-git-credentials[0m
Generated Git credentials file /workspace/xdg_config/git/credentials

Showing logs for build [32mjstrachan-nodey431-master-s4zp5-2[0m stage [32mfrom-build-pack[0m and container [32mstep-build-npmrc[0m
Command "credential" is deprecated, it will be removed on Jun 1 2020.  This is replaced by Tekton's mounted secrets
WARNING: failed to find Secret npm-token in namespace **

Showing logs for build [32mjstrachan-nodey431-master-s4zp5-2[0m stage [32mfrom-build-pack[0m and container [32mstep-build-npm-install[0m
npm notice created a lockfile as package-lock.json. You should commit this file.
npm WARN REPLACE_ME@1.0.0 No repository field.
npm WARN REPLACE_ME@1.0.0 No license field.

up to date in 0.842s
found 0 vulnerabilities


Showing logs for build [32mjstrachan-nodey431-master-s4zp5-2[0m stage [32mfrom-build-pack[0m and container [32mstep-build-npm-test[0m

> REPLACE_ME@1.0.0 test /workspace/source
> echo "no test specified" && exit 0

no test specified

Showing logs for build [32mjstrachan-nodey431-master-s4zp5-2[0m stage [32mfrom-build-pack[0m and container [32mstep-build-container-build[0m
ERROR: logging before flag.Parse: E0312 14:57:54.942215      12 metadata.go:241] Failed to unmarshal scopes: invalid character 'h' looking for beginning of value
[36mINFO[0m[0001] Downloading base image node:9-slim           
ERROR: logging before flag.Parse: E0312 14:57:55.142220      12 metadata.go:142] while reading 'google-dockercfg' metadata: http status code: 404 while fetching url http://metadata.google.internal./computeMetadata/v1/instance/attributes/google-dockercfg
ERROR: logging before flag.Parse: E0312 14:57:55.242435      12 metadata.go:159] while reading 'google-dockercfg-url' metadata: http status code: 404 while fetching url http://metadata.google.internal./computeMetadata/v1/instance/attributes/google-dockercfg-url
2020/03/12 14:57:55 No matching credentials were found, falling back on anonymous
[36mINFO[0m[0003] Error while retrieving image from cache: getting file info: stat /workspace/sha256:0e0175bbe4f8d9d104590d8d2c591017874e30977cb71aaff1cf6fa99479575c: no such file or directory 
[36mINFO[0m[0003] Downloading base image node:9-slim           
2020/03/12 14:57:56 No matching credentials were found, falling back on anonymous
[36mINFO[0m[0003] Executing 0 build triggers                   
[36mINFO[0m[0003] cmd: EXPOSE                                  
[36mINFO[0m[0003] Adding exposed port: 8080/tcp                
[36mINFO[0m[0003] Using files from context: [/workspace/source] 
[36mINFO[0m[0003] Skipping unpacking as no commands require it. 
[36mINFO[0m[0003] Taking snapshot of full filesystem...        
[36mINFO[0m[0004] ENV PORT 8080                                
[36mINFO[0m[0004] No files changed in this command, skipping snapshotting. 
[36mINFO[0m[0004] EXPOSE 8080                                  
[36mINFO[0m[0004] cmd: EXPOSE                                  
[36mINFO[0m[0004] Adding exposed port: 8080/tcp                
[36mINFO[0m[0004] No files changed in this command, skipping snapshotting. 
[36mINFO[0m[0004] WORKDIR /usr/src/app                         
[36mINFO[0m[0004] cmd: workdir                                 
[36mINFO[0m[0004] Changed working directory to /usr/src/app    
[36mINFO[0m[0004] Creating directory /usr/src/app              
[36mINFO[0m[0004] Taking snapshot of files...                  
[36mINFO[0m[0004] Using files from context: [/workspace/source] 
[36mINFO[0m[0004] COPY . .                                     
[36mINFO[0m[0004] Taking snapshot of files...                  
[36mINFO[0m[0004] CMD ["npm", "start"]                         
[36mINFO[0m[0004] No files changed in this command, skipping snapshotting. 
2020/03/12 14:57:57 existing blob: sha256:7d083412657baa2dafba8d093034ef26f9ed2c90fb6ed95f76bb55aff03ed429
2020/03/12 14:57:57 existing blob: sha256:5bba3ecb4cd6374a19da45f2a3db0a9c0804984358b3bb4b666c28944016e5ff
2020/03/12 14:57:57 existing blob: sha256:a88538b9cd05cfa611e43a25582a95ad7879f6fa708b0386a26b71ee62235bb3
2020/03/12 14:57:57 existing blob: sha256:196b8e3c919d5639193ba6c6e54774528942041bbc37606631a2250502985c3c
2020/03/12 14:57:57 existing blob: sha256:e01bd28a434b56ffd2a3fe9aa99b9b69aecca69904843edd30b1ee7150d79904
2020/03/12 14:58:00 pushed blob: sha256:9051045f895b9037d31850c307fbe02d6d373e339fc670101d195941646385aa
2020/03/12 14:58:00 pushed blob: sha256:d7d980832648d27d00fc640ce208c7921ac27c6ac6817da5ba969f74013d8674
2020/03/12 14:58:01 pushed blob: sha256:77bd58c0830b5f49b65f32d5ddea6792042d638115c1da21a122784968202bd1
2020/03/12 14:58:02 gcr.io/*********-multicluster/nodey431:0.0.2: digest: sha256:e26b0b1efa06220a1516224745f8ec1c295050fde1a47b854969358aad7585de size: 1404

Showing logs for build [32mjstrachan-nodey431-master-s4zp5-2[0m stage [32mfrom-build-pack[0m and container [32mstep-build-post-build[0m
no CVE provider running in the current ** namespace so skip adding image to be analysed

Showing logs for build [32mjstrachan-nodey431-master-s4zp5-2[0m stage [32mfrom-build-pack[0m and container [32mstep-promote-changelog[0m
Converted /workspace/source/charts/nodey431 to an unshallow repository
Generating change log from git ref 983669e7e9accaf68d782e336a2f480203abad06 => 5b093c72456462ba811e42fe78c05b9a72112b78
WARNING: No release found for *********/nodey431 and tag v0.0.2 so creating a new release
Updated the release information at https://github.com/*********/nodey431/releases/tag/v0.0.2
generated: /workspace/source/charts/nodey431/templates/release.yaml
Created Release nodey431-0-0-2 resource in namespace **
Updating PipelineActivity *********-nodey431-master-2 with version 0.0.2
Updated PipelineActivities *********-nodey431-master-2 with release notes URL: https://github.com/*********/nodey431/releases/tag/v0.0.2

Showing logs for build [32mjstrachan-nodey431-master-s4zp5-2[0m stage [32mfrom-build-pack[0m and container [32mstep-promote-helm-release[0m
Adding missing Helm repo: storage.googleapis.com https://storage.googleapis.com/chartmuseum.jenkins-x.io
Successfully added Helm repository storage.googleapis.com.
Adding missing Helm repo: bucketrepo http://bucketrepo/bucketrepo/charts/
Successfully added Helm repository bucketrepo.
Uploading chart file nodey431-0.0.2.tgz to http://bucketrepo/bucketrepo/charts/api/charts
Received 200 response: 

Showing logs for build [32mjstrachan-nodey431-master-s4zp5-2[0m stage [32mfrom-build-pack[0m and container [32mstep-promote-jx-promote[0m
WARNING: prow based install so skip waiting for the merge of Pull Requests to go green as currently there is an issue with gettingstatuses from the PR, see https://github.com/jenkins-x/**/issues/2410
WARNING: No $CHART_REPOSITORY defined so using the default value of: http://jenkins-x-chartmuseum:8080
Promoting app nodey431 version 0.0.2 to namespace **-staging
WARNING: 
error: failed to resolve chart museum URL: finding the service jenkins-x-chartmuseum in namespace **: services "jenkins-x-chartmuseum" not found
[31m
Pipeline failed on stage 'from-build-pack' : container 'step-promote-jx-promote'. The execution of the pipeline has stopped.[0m
