
Showing logs for build [32mjstrachan-nodey431-master-sl2n4-5[0m stage [32mfrom-build-pack[0m and container [32mstep-credential-initializer-ctzlt[0m
{"level":"warn","ts":1584029766.7573845,"logger":"fallback-logger","caller":"logging/config.go:69","msg":"Fetch GitHub commit ID from kodata failed: \"ref: refs/heads/0.8.0-**-support-backwards-incompats\" is not a valid GitHub commit ID"}
{"level":"info","ts":1584029766.7581732,"logger":"fallback-logger","caller":"creds-init/main.go:40","msg":"Credentials initialized."}

Showing logs for build [32mjstrachan-nodey431-master-sl2n4-5[0m stage [32mfrom-build-pack[0m and container [32mstep-working-dir-initializer-5p9th[0m
{"level":"warn","ts":1584029767.2216053,"logger":"fallback-logger","caller":"logging/config.go:69","msg":"Fetch GitHub commit ID from kodata failed: open /var/run/ko/HEAD: no such file or directory"}
{"level":"info","ts":1584029767.2230494,"logger":"fallback-logger","caller":"bash/main.go:64","msg":"Successfully executed command \"sh -c mkdir -p /workspace/source\"; output "}

Showing logs for build [32mjstrachan-nodey431-master-sl2n4-5[0m stage [32mfrom-build-pack[0m and container [32mstep-place-tools[0m

Showing logs for build [32mjstrachan-nodey431-master-sl2n4-5[0m stage [32mfrom-build-pack[0m and container [32mstep-git-source-jstrachan-nodey431-master-sl2n4-5wsz2[0m
{"level":"warn","ts":1584029774.310618,"logger":"fallback-logger","caller":"logging/config.go:69","msg":"Fetch GitHub commit ID from kodata failed: \"ref: refs/heads/0.8.0-**-support-backwards-incompats\" is not a valid GitHub commit ID"}
{"level":"info","ts":1584029775.394205,"logger":"fallback-logger","caller":"git/git.go:103","msg":"Successfully cloned https://github.com/*********/nodey431.git @ v0.0.5 in path /workspace/source"}

Showing logs for build [32mjstrachan-nodey431-master-sl2n4-5[0m stage [32mfrom-build-pack[0m and container [32mstep-git-merge[0m
Using SHAs from PULL_REFS=master:
WARNING: no SHAs to merge, falling back to initial cloned commit

Showing logs for build [32mjstrachan-nodey431-master-sl2n4-5[0m stage [32mfrom-build-pack[0m and container [32mstep-setup-jx-git-credentials[0m
Generated Git credentials file /workspace/xdg_config/git/credentials

Showing logs for build [32mjstrachan-nodey431-master-sl2n4-5[0m stage [32mfrom-build-pack[0m and container [32mstep-build-npmrc[0m
Command "credential" is deprecated, it will be removed on Jun 1 2020.  This is replaced by Tekton's mounted secrets
WARNING: failed to find Secret npm-token in namespace **

Showing logs for build [32mjstrachan-nodey431-master-sl2n4-5[0m stage [32mfrom-build-pack[0m and container [32mstep-build-npm-install[0m
npm notice created a lockfile as package-lock.json. You should commit this file.
npm WARN REPLACE_ME@1.0.0 No repository field.
npm WARN REPLACE_ME@1.0.0 No license field.

up to date in 0.383s
found 0 vulnerabilities


Showing logs for build [32mjstrachan-nodey431-master-sl2n4-5[0m stage [32mfrom-build-pack[0m and container [32mstep-build-npm-test[0m

> REPLACE_ME@1.0.0 test /workspace/source
> echo "no test specified" && exit 0

no test specified

Showing logs for build [32mjstrachan-nodey431-master-sl2n4-5[0m stage [32mfrom-build-pack[0m and container [32mstep-build-container-build[0m
ERROR: logging before flag.Parse: E0312 16:16:22.742514      11 metadata.go:241] Failed to unmarshal scopes: invalid character 'h' looking for beginning of value
[36mINFO[0m[0002] Downloading base image node:9-slim           
ERROR: logging before flag.Parse: E0312 16:16:22.754867      11 metadata.go:142] while reading 'google-dockercfg' metadata: http status code: 404 while fetching url http://metadata.google.internal./computeMetadata/v1/instance/attributes/google-dockercfg
ERROR: logging before flag.Parse: E0312 16:16:22.842341      11 metadata.go:159] while reading 'google-dockercfg-url' metadata: http status code: 404 while fetching url http://metadata.google.internal./computeMetadata/v1/instance/attributes/google-dockercfg-url
2020/03/12 16:16:22 No matching credentials were found, falling back on anonymous
[36mINFO[0m[0004] Error while retrieving image from cache: getting file info: stat /workspace/sha256:0e0175bbe4f8d9d104590d8d2c591017874e30977cb71aaff1cf6fa99479575c: no such file or directory 
[36mINFO[0m[0004] Downloading base image node:9-slim           
2020/03/12 16:16:24 No matching credentials were found, falling back on anonymous
[36mINFO[0m[0005] Executing 0 build triggers                   
[36mINFO[0m[0005] cmd: EXPOSE                                  
[36mINFO[0m[0005] Adding exposed port: 8080/tcp                
[36mINFO[0m[0005] Using files from context: [/workspace/source] 
[36mINFO[0m[0005] Skipping unpacking as no commands require it. 
[36mINFO[0m[0005] Taking snapshot of full filesystem...        
[36mINFO[0m[0005] ENV PORT 8080                                
[36mINFO[0m[0005] No files changed in this command, skipping snapshotting. 
[36mINFO[0m[0005] EXPOSE 8080                                  
[36mINFO[0m[0005] cmd: EXPOSE                                  
[36mINFO[0m[0005] Adding exposed port: 8080/tcp                
[36mINFO[0m[0005] No files changed in this command, skipping snapshotting. 
[36mINFO[0m[0005] WORKDIR /usr/src/app                         
[36mINFO[0m[0005] cmd: workdir                                 
[36mINFO[0m[0005] Changed working directory to /usr/src/app    
[36mINFO[0m[0005] Creating directory /usr/src/app              
[36mINFO[0m[0005] Taking snapshot of files...                  
[36mINFO[0m[0005] Using files from context: [/workspace/source] 
[36mINFO[0m[0005] COPY . .                                     
[36mINFO[0m[0005] Taking snapshot of files...                  
[36mINFO[0m[0005] CMD ["npm", "start"]                         
[36mINFO[0m[0005] No files changed in this command, skipping snapshotting. 
2020/03/12 16:16:25 existing blob: sha256:e01bd28a434b56ffd2a3fe9aa99b9b69aecca69904843edd30b1ee7150d79904
2020/03/12 16:16:25 existing blob: sha256:a88538b9cd05cfa611e43a25582a95ad7879f6fa708b0386a26b71ee62235bb3
2020/03/12 16:16:25 existing blob: sha256:196b8e3c919d5639193ba6c6e54774528942041bbc37606631a2250502985c3c
2020/03/12 16:16:25 existing blob: sha256:7d083412657baa2dafba8d093034ef26f9ed2c90fb6ed95f76bb55aff03ed429
2020/03/12 16:16:25 existing blob: sha256:5bba3ecb4cd6374a19da45f2a3db0a9c0804984358b3bb4b666c28944016e5ff
2020/03/12 16:16:28 pushed blob: sha256:19e874337003a4378c6d4138f7f9e0e0a2fe486cd99faa83c75eb97b97f32da9
2020/03/12 16:16:28 pushed blob: sha256:ae6a73d7ef9376ea82199f4de46405a37816d985491d7621a144546d88606110
2020/03/12 16:16:28 pushed blob: sha256:12de2d7be4c1cd840f6009188692d05ce0c0371cabf31708f85edb66266c838e
2020/03/12 16:16:30 gcr.io/*********-multicluster/nodey431:0.0.5: digest: sha256:fc8cc2a22a3a7dc668627a69a5e7b44b39a14a6f43bde7f19f608d785a6afa68 size: 1404

Showing logs for build [32mjstrachan-nodey431-master-sl2n4-5[0m stage [32mfrom-build-pack[0m and container [32mstep-build-post-build[0m
no CVE provider running in the current ** namespace so skip adding image to be analysed

Showing logs for build [32mjstrachan-nodey431-master-sl2n4-5[0m stage [32mfrom-build-pack[0m and container [32mstep-promote-changelog[0m
Converted /workspace/source/charts/nodey431 to an unshallow repository
Generating change log from git ref ea7cd9d6432b4d98339bccd5787350858d0d3f69 => 772db1e557a4a8cd586ab9ca7f4e38e4fcadb079
WARNING: No release found for *********/nodey431 and tag v0.0.5 so creating a new release
Updated the release information at https://github.com/*********/nodey431/releases/tag/v0.0.5
generated: /workspace/source/charts/nodey431/templates/release.yaml
Created Release nodey431-0-0-5 resource in namespace **
Updating PipelineActivity *********-nodey431-master-5 with version 0.0.5
Updated PipelineActivities *********-nodey431-master-5 with release notes URL: https://github.com/*********/nodey431/releases/tag/v0.0.5

Showing logs for build [32mjstrachan-nodey431-master-sl2n4-5[0m stage [32mfrom-build-pack[0m and container [32mstep-promote-helm-release[0m
Adding missing Helm repo: storage.googleapis.com https://storage.googleapis.com/chartmuseum.jenkins-x.io
Successfully added Helm repository storage.googleapis.com.
Adding missing Helm repo: bucketrepo http://bucketrepo/bucketrepo/charts/
Successfully added Helm repository bucketrepo.
Uploading chart file nodey431-0.0.5.tgz to http://bucketrepo/bucketrepo/charts/api/charts
Received 200 response: 

Showing logs for build [32mjstrachan-nodey431-master-sl2n4-5[0m stage [32mfrom-build-pack[0m and container [32mstep-promote-jx-promote[0m
WARNING: prow based install so skip waiting for the merge of Pull Requests to go green as currently there is an issue with gettingstatuses from the PR, see https://github.com/jenkins-x/**/issues/2410
WARNING: No $CHART_REPOSITORY defined so using the default value of: http://jenkins-x-chartmuseum:8080
Promoting app nodey431 version 0.0.5 to namespace **-staging
WARNING: 
Created Pull Request: https://github.com/*********/environment-bucketrepo-staging/pull/2
Added label updatebot to Pull Request https://github.com/*********/environment-bucketrepo-staging/pull/2
WARNING: Failed to query the Pull Request last commit status for https://github.com/*********/environment-bucketrepo-staging/pull/2 ref 0db24d9915608362b876b58d6c38135bc89537c6 Could not find a status for repository *********/environment-bucketrepo-staging with ref 0db24d9915608362b876b58d6c38135bc89537c6
got git provider status pending from PR https://github.com/*********/environment-bucketrepo-staging/pull/2
got git provider status pending from PR https://github.com/*********/environment-bucketrepo-staging/pull/2
got git provider status pending from PR https://github.com/*********/environment-bucketrepo-staging/pull/2
error: Pull request https://github.com/*********/environment-bucketrepo-staging/pull/2 last commit has status failure for ref 0db24d9915608362b876b58d6c38135bc89537c6
[31m
Pipeline failed on stage 'from-build-pack' : container 'step-promote-jx-promote'. The execution of the pipeline has stopped.[0m
